Started GET "/" for 127.0.0.1 at 2018-10-16 17:56:34 -0400
Processing by Rails::WelcomeController#index as HTML
  Rendering /Users/Hideko/.rbenv/versions/2.4.2/lib/ruby/gems/2.4.0/gems/railties-5.1.6/lib/rails/templates/rails/welcome/index.html.erb
  Rendered /Users/Hideko/.rbenv/versions/2.4.2/lib/ruby/gems/2.4.0/gems/railties-5.1.6/lib/rails/templates/rails/welcome/index.html.erb (6.4ms)
Completed 200 OK in 480ms (Views: 18.3ms)


Started GET "/" for 127.0.0.1 at 2018-10-16 18:13:39 -0400
Processing by ApplicationController#hello as HTML
  Rendering html template
  Rendered html template (1.2ms)
Completed 200 OK in 9ms (Views: 7.3ms)


Started GET "/" for 127.0.0.1 at 2018-10-16 18:14:51 -0400
Processing by ApplicationController#hello as HTML
  Rendering html template
  Rendered html template (0.0ms)
Completed 200 OK in 1ms (Views: 1.0ms)


Started GET "/" for 127.0.0.1 at 2018-10-16 18:14:56 -0400
Processing by ApplicationController#goodbye as HTML
  Rendering html template
  Rendered html template (0.1ms)
Completed 200 OK in 2ms (Views: 1.1ms)


Started GET "/" for 127.0.0.1 at 2018-10-16 20:52:43 -0400
Processing by ApplicationController#hello as HTML
  Rendering html template
  Rendered html template (0.0ms)
Completed 200 OK in 3ms (Views: 1.3ms)


Started GET "/" for 127.0.0.1 at 2018-10-16 20:52:44 -0400
Processing by ApplicationController#hello as HTML
  Rendering html template
  Rendered html template (0.1ms)
Completed 200 OK in 1ms (Views: 0.6ms)


